!SESSION 2019-12-12 10:08:05.613 -----------------------------------------------
eclipse.buildId=unknown
java.version=1.8.0_231
java.vendor=Oracle Corporation
BootLoader constants: OS=win32, ARCH=x86_64, WS=win32, NL=it_IT
Framework arguments:  -jar
Command-line arguments:  -jar

!ENTRY it.univaq.disim.se4as.services.simpleHome 4 0 2019-12-12 10:08:06.268
!MESSAGE FrameworkEvent ERROR
!STACK 0
org.osgi.framework.BundleException: Could not resolve module: it.univaq.disim.se4as.services.simpleHome [45]
  Unresolved requirement: Import-Package: it.univaq.disim.se4as.services.sensor.api

	at org.eclipse.osgi.container.Module.start(Module.java:444)
	at org.eclipse.osgi.container.ModuleContainer$ContainerStartLevel.incStartLevel(ModuleContainer.java:1634)
	at org.eclipse.osgi.container.ModuleContainer$ContainerStartLevel.incStartLevel(ModuleContainer.java:1614)
	at org.eclipse.osgi.container.ModuleContainer$ContainerStartLevel.doContainerStartLevel(ModuleContainer.java:1585)
	at org.eclipse.osgi.container.SystemModule.startWorker(SystemModule.java:264)
	at org.eclipse.osgi.container.Module.doStart(Module.java:581)
	at org.eclipse.osgi.container.Module.start(Module.java:449)
	at org.eclipse.osgi.container.SystemModule.start(SystemModule.java:188)
	at org.eclipse.osgi.internal.framework.EquinoxBundle.start(EquinoxBundle.java:383)
	at org.eclipse.osgi.internal.framework.EquinoxBundle.start(EquinoxBundle.java:402)
	at org.eclipse.osgi.launch.Equinox.start(Equinox.java:115)
	at org.eclipse.core.runtime.adaptor.EclipseStarter.startup(EclipseStarter.java:326)
	at org.eclipse.core.runtime.adaptor.EclipseStarter.run(EclipseStarter.java:239)
	at org.eclipse.core.runtime.adaptor.EclipseStarter.main(EclipseStarter.java:216)
